<?xml version="1.0" encoding="UTF-8"?>
<coverage generated="1525112056801" clover="3.2.0">
  <project timestamp="1525112056801" name="All files">
    <metrics statements="4" coveredstatements="4" conditionals="0" coveredconditionals="0" methods="1" coveredmethods="1" elements="5" coveredelements="5" complexity="0" loc="4" ncloc="4" packages="2" files="2" classes="2">
      <package name="UserList">
        <metrics statements="3" coveredstatements="3" conditionals="0" coveredconditionals="0" methods="1" coveredmethods="1"/>
        <file name="UserList.jsx" path="/Users/cambriadeveloper/Desktop/template/county-admin/app/javascript/UserList/UserList.jsx">
          <metrics statements="3" coveredstatements="3" conditionals="0" coveredconditionals="0" methods="1" coveredmethods="1"/>
          <line num="6" count="2" type="stmt"/>
          <line num="9" count="1" type="stmt"/>
          <line num="12" count="1" type="stmt"/>
        </file>
      </package>
      <package name="testing">
        <metrics statements="1" coveredstatements="1" conditionals="0" coveredconditionals="0" methods="0" coveredmethods="0"/>
        <file name="setupTests.js" path="/Users/cambriadeveloper/Desktop/template/county-admin/app/javascript/testing/setupTests.js">
          <metrics statements="1" coveredstatements="1" conditionals="0" coveredconditionals="0" methods="0" coveredmethods="0"/>
          <line num="5" count="1" type="stmt"/>
        </file>
      </package>
    </metrics>
  </project>
</coverage>
