{"/Users/cambriadeveloper/redux/county-admin/app/javascript/_services/api/api.js": {"path":"/Users/cambriadeveloper/redux/county-admin/app/javascript/_services/api/api.js","statementMap":{"0":{"start":{"line":3,"column":12},"end":{"line":6,"column":2}}},"fnMap":{},"branchMap":{"0":{"loc":{"start":{"line":4,"column":11},"end":{"line":4,"column":60}},"type":"binary-expr","locations":[{"start":{"line":4,"column":11},"end":{"line":4,"column":41}},{"start":{"line":4,"column":45},"end":{"line":4,"column":60}}],"line":4}},"s":{"0":3},"f":{},"b":{"0":[3,3]},"_coverageSchema":"332fd63041d2c1bcb487cc26dd0d5f7d97098a6c","hash":"2d2eb65ad5541db5ff922c93556f7519a9bcbe9a"}
,"/Users/cambriadeveloper/redux/county-admin/app/javascript/_services/api/index.js": {"path":"/Users/cambriadeveloper/redux/county-admin/app/javascript/_services/api/index.js","statementMap":{},"fnMap":{},"branchMap":{},"s":{},"f":{},"b":{},"_coverageSchema":"332fd63041d2c1bcb487cc26dd0d5f7d97098a6c","hash":"0d52f18edad9240df1b4c739706c0a0017083e13"}
,"/Users/cambriadeveloper/redux/county-admin/app/javascript/_services/users/index.js": {"path":"/Users/cambriadeveloper/redux/county-admin/app/javascript/_services/users/index.js","statementMap":{},"fnMap":{},"branchMap":{},"s":{},"f":{},"b":{},"_coverageSchema":"332fd63041d2c1bcb487cc26dd0d5f7d97098a6c","hash":"204f658b9debfd664eaf970068ae94f8148fcbfc"}
,"/Users/cambriadeveloper/redux/county-admin/app/javascript/_services/users/user.service.js": {"path":"/Users/cambriadeveloper/redux/county-admin/app/javascript/_services/users/user.service.js","statementMap":{"0":{"start":{"line":5,"column":4},"end":{"line":7,"column":6}},"1":{"start":{"line":6,"column":18},"end":{"line":6,"column":31}}},"fnMap":{"0":{"name":"(anonymous_0)","decl":{"start":{"line":4,"column":2},"end":{"line":4,"column":3}},"loc":{"start":{"line":4,"column":17},"end":{"line":8,"column":3}},"line":4},"1":{"name":"(anonymous_1)","decl":{"start":{"line":6,"column":6},"end":{"line":6,"column":7}},"loc":{"start":{"line":6,"column":18},"end":{"line":6,"column":31}},"line":6}},"branchMap":{},"s":{"0":2,"1":1},"f":{"0":2,"1":1},"b":{},"_coverageSchema":"332fd63041d2c1bcb487cc26dd0d5f7d97098a6c","hash":"3d951444b4c520bfaaca6bc818055de533611d09"}
,"/Users/cambriadeveloper/redux/county-admin/app/javascript/actions/actionTypes.js": {"path":"/Users/cambriadeveloper/redux/county-admin/app/javascript/actions/actionTypes.js","statementMap":{"0":{"start":{"line":2,"column":44},"end":{"line":2,"column":74}},"1":{"start":{"line":3,"column":44},"end":{"line":3,"column":74}},"2":{"start":{"line":4,"column":44},"end":{"line":4,"column":74}}},"fnMap":{},"branchMap":{},"s":{"0":2,"1":2,"2":2},"f":{},"b":{},"_coverageSchema":"332fd63041d2c1bcb487cc26dd0d5f7d97098a6c","hash":"71fd1d0a0807f72fb7647eb1c96cfddb8aae4978"}
,"/Users/cambriadeveloper/redux/county-admin/app/javascript/hello/hello_react.jsx": {"path":"/Users/cambriadeveloper/redux/county-admin/app/javascript/hello/hello_react.jsx","statementMap":{"0":{"start":{"line":6,"column":4},"end":{"line":6,"column":38}},"1":{"start":{"line":9,"column":0},"end":{"line":11,"column":2}},"2":{"start":{"line":12,"column":0},"end":{"line":14,"column":2}}},"fnMap":{"0":{"name":"(anonymous_0)","decl":{"start":{"line":5,"column":2},"end":{"line":5,"column":3}},"loc":{"start":{"line":5,"column":11},"end":{"line":7,"column":3}},"line":5}},"branchMap":{},"s":{"0":2,"1":1,"2":1},"f":{"0":2},"b":{},"_coverageSchema":"332fd63041d2c1bcb487cc26dd0d5f7d97098a6c","hash":"b35670d83d6fd3dab643e3e63d0af6979dbd9e22"}
,"/Users/cambriadeveloper/redux/county-admin/app/javascript/reducers/reducers.js": {"path":"/Users/cambriadeveloper/redux/county-admin/app/javascript/reducers/reducers.js","statementMap":{"0":{"start":{"line":5,"column":2},"end":{"line":24,"column":3}},"1":{"start":{"line":7,"column":6},"end":{"line":7,"column":55}},"2":{"start":{"line":10,"column":26},"end":{"line":13,"column":7}},"3":{"start":{"line":14,"column":6},"end":{"line":14,"column":79}},"4":{"start":{"line":16,"column":6},"end":{"line":21,"column":8}},"5":{"start":{"line":23,"column":6},"end":{"line":23,"column":19}},"6":{"start":{"line":27,"column":16},"end":{"line":29,"column":2}}},"fnMap":{"0":{"name":"fetchUserList","decl":{"start":{"line":4,"column":9},"end":{"line":4,"column":22}},"loc":{"start":{"line":4,"column":76},"end":{"line":25,"column":1}},"line":4}},"branchMap":{"0":{"loc":{"start":{"line":4,"column":23},"end":{"line":4,"column":66}},"type":"default-arg","locations":[{"start":{"line":4,"column":31},"end":{"line":4,"column":66}}],"line":4},"1":{"loc":{"start":{"line":5,"column":2},"end":{"line":24,"column":3}},"type":"switch","locations":[{"start":{"line":6,"column":4},"end":{"line":7,"column":55}},{"start":{"line":9,"column":4},"end":{"line":14,"column":79}},{"start":{"line":15,"column":4},"end":{"line":21,"column":8}},{"start":{"line":22,"column":4},"end":{"line":23,"column":19}}],"line":5}},"s":{"0":5,"1":1,"2":1,"3":1,"4":1,"5":2,"6":1},"f":{"0":5},"b":{"0":[5],"1":[1,1,1,2]},"_coverageSchema":"332fd63041d2c1bcb487cc26dd0d5f7d97098a6c","hash":"b9d867611c3bc2d88e9ce305f0fcfc733e844478"}
,"/Users/cambriadeveloper/redux/county-admin/app/javascript/sagas/getUserListSaga.js": {"path":"/Users/cambriadeveloper/redux/county-admin/app/javascript/sagas/getUserListSaga.js","statementMap":{"0":{"start":{"line":7,"column":2},"end":{"line":22,"column":3}},"1":{"start":{"line":8,"column":21},"end":{"line":8,"column":50}},"2":{"start":{"line":11,"column":4},"end":{"line":14,"column":7}},"3":{"start":{"line":18,"column":4},"end":{"line":21,"column":7}},"4":{"start":{"line":27,"column":2},"end":{"line":27,"column":78}}},"fnMap":{"0":{"name":"countyUsersList","decl":{"start":{"line":6,"column":17},"end":{"line":6,"column":32}},"loc":{"start":{"line":6,"column":35},"end":{"line":23,"column":1}},"line":6},"1":{"name":"getUserListSaga","decl":{"start":{"line":26,"column":25},"end":{"line":26,"column":40}},"loc":{"start":{"line":26,"column":43},"end":{"line":28,"column":1}},"line":26}},"branchMap":{},"s":{"0":2,"1":2,"2":1,"3":1,"4":1},"f":{"0":2,"1":1},"b":{},"_coverageSchema":"332fd63041d2c1bcb487cc26dd0d5f7d97098a6c","hash":"7e7d167b434af7d5ec452627e3c9ad487180b9fa"}
,"/Users/cambriadeveloper/redux/county-admin/app/javascript/selectors/selectors.js": {"path":"/Users/cambriadeveloper/redux/county-admin/app/javascript/selectors/selectors.js","statementMap":{"0":{"start":{"line":1,"column":33},"end":{"line":4,"column":1}},"1":{"start":{"line":2,"column":22},"end":{"line":2,"column":79}},"2":{"start":{"line":3,"column":2},"end":{"line":3,"column":58}}},"fnMap":{"0":{"name":"(anonymous_0)","decl":{"start":{"line":1,"column":33},"end":{"line":1,"column":34}},"loc":{"start":{"line":1,"column":42},"end":{"line":4,"column":1}},"line":1}},"branchMap":{"0":{"loc":{"start":{"line":2,"column":22},"end":{"line":2,"column":79}},"type":"cond-expr","locations":[{"start":{"line":2,"column":44},"end":{"line":2,"column":72}},{"start":{"line":2,"column":75},"end":{"line":2,"column":79}}],"line":2},"1":{"loc":{"start":{"line":3,"column":9},"end":{"line":3,"column":57}},"type":"cond-expr","locations":[{"start":{"line":3,"column":23},"end":{"line":3,"column":50}},{"start":{"line":3,"column":53},"end":{"line":3,"column":57}}],"line":3}},"s":{"0":1,"1":3,"2":3},"f":{"0":3},"b":{"0":[1,2],"1":[1,2]},"_coverageSchema":"332fd63041d2c1bcb487cc26dd0d5f7d97098a6c","hash":"ab57b681b2ba6c2f0bb1cd1945f5989deeabfd9d"}
,"/Users/cambriadeveloper/redux/county-admin/app/javascript/testing/setupTests.js": {"path":"/Users/cambriadeveloper/redux/county-admin/app/javascript/testing/setupTests.js","statementMap":{"0":{"start":{"line":5,"column":0},"end":{"line":5,"column":38}}},"fnMap":{},"branchMap":{},"s":{"0":6},"f":{},"b":{},"_coverageSchema":"332fd63041d2c1bcb487cc26dd0d5f7d97098a6c","hash":"5efe27ade55712a079c909567afd3a481553699f"}
}
