TN:
SF:/Users/cambriadeveloper/redux/county-admin/app/javascript/_services/api/api.js
FNF:0
FNH:0
DA:3,3
LF:1
LH:1
BRDA:4,0,0,3
BRDA:4,0,1,3
BRF:2
BRH:2
end_of_record
TN:
SF:/Users/cambriadeveloper/redux/county-admin/app/javascript/_services/api/index.js
FNF:0
FNH:0
LF:0
LH:0
BRF:0
BRH:0
end_of_record
TN:
SF:/Users/cambriadeveloper/redux/county-admin/app/javascript/_services/users/index.js
FNF:0
FNH:0
LF:0
LH:0
BRF:0
BRH:0
end_of_record
TN:
SF:/Users/cambriadeveloper/redux/county-admin/app/javascript/_services/users/user.service.js
FN:4,(anonymous_0)
FN:6,(anonymous_1)
FNF:2
FNH:2
FNDA:2,(anonymous_0)
FNDA:1,(anonymous_1)
DA:5,2
DA:6,1
LF:2
LH:2
BRF:0
BRH:0
end_of_record
TN:
SF:/Users/cambriadeveloper/redux/county-admin/app/javascript/actions/actionTypes.js
FNF:0
FNH:0
DA:2,2
DA:3,2
DA:4,2
LF:3
LH:3
BRF:0
BRH:0
end_of_record
TN:
SF:/Users/cambriadeveloper/redux/county-admin/app/javascript/hello/hello_react.jsx
FN:5,(anonymous_0)
FNF:1
FNH:1
FNDA:2,(anonymous_0)
DA:6,2
DA:9,1
DA:12,1
LF:3
LH:3
BRF:0
BRH:0
end_of_record
TN:
SF:/Users/cambriadeveloper/redux/county-admin/app/javascript/reducers/reducers.js
FN:4,fetchUserList
FNF:1
FNH:1
FNDA:5,fetchUserList
DA:5,5
DA:7,1
DA:10,1
DA:14,1
DA:16,1
DA:23,2
DA:27,1
LF:7
LH:7
BRDA:4,0,0,5
BRDA:5,1,0,1
BRDA:5,1,1,1
BRDA:5,1,2,1
BRDA:5,1,3,2
BRF:5
BRH:5
end_of_record
TN:
SF:/Users/cambriadeveloper/redux/county-admin/app/javascript/sagas/getUserListSaga.js
FN:6,countyUsersList
FN:26,getUserListSaga
FNF:2
FNH:2
FNDA:2,countyUsersList
FNDA:1,getUserListSaga
DA:7,2
DA:8,2
DA:11,1
DA:18,1
DA:27,1
LF:5
LH:5
BRF:0
BRH:0
end_of_record
TN:
SF:/Users/cambriadeveloper/redux/county-admin/app/javascript/selectors/selectors.js
FN:1,(anonymous_0)
FNF:1
FNH:1
FNDA:3,(anonymous_0)
DA:1,1
DA:2,3
DA:3,3
LF:3
LH:3
BRDA:2,0,0,1
BRDA:2,0,1,2
BRDA:3,1,0,1
BRDA:3,1,1,2
BRF:4
BRH:4
end_of_record
TN:
SF:/Users/cambriadeveloper/redux/county-admin/app/javascript/testing/setupTests.js
FNF:0
FNH:0
DA:5,6
LF:1
LH:1
BRF:0
BRH:0
end_of_record
