<?xml version="1.0" encoding="UTF-8"?>
<coverage generated="1524781066933" clover="3.2.0">
  <project timestamp="1524781066933" name="All files">
    <metrics statements="3" coveredstatements="2" conditionals="0" coveredconditionals="0" methods="1" coveredmethods="0" elements="4" coveredelements="2" complexity="0" loc="3" ncloc="3" packages="1" files="1" classes="1">
      <file name="hello_react.jsx" path="/Users/cambriadeveloper/county/county-admin/app/javascript/hello/hello_react.jsx">
        <metrics statements="3" coveredstatements="2" conditionals="0" coveredconditionals="0" methods="1" coveredmethods="0"/>
        <line num="6" count="0" type="stmt"/>
        <line num="9" count="1" type="stmt"/>
        <line num="12" count="1" type="stmt"/>
      </file>
    </metrics>
  </project>
</coverage>
