{"/Users/cambriadeveloper/county/county-admin/app/javascript/hello/hello_react.jsx": {"path":"/Users/cambriadeveloper/county/county-admin/app/javascript/hello/hello_react.jsx","statementMap":{"0":{"start":{"line":6,"column":4},"end":{"line":6,"column":38}},"1":{"start":{"line":9,"column":0},"end":{"line":11,"column":2}},"2":{"start":{"line":12,"column":0},"end":{"line":14,"column":2}}},"fnMap":{"0":{"name":"(anonymous_0)","decl":{"start":{"line":5,"column":2},"end":{"line":5,"column":3}},"loc":{"start":{"line":5,"column":11},"end":{"line":7,"column":3}},"line":5}},"branchMap":{},"s":{"0":0,"1":1,"2":1},"f":{"0":0},"b":{},"_coverageSchema":"332fd63041d2c1bcb487cc26dd0d5f7d97098a6c","hash":"6721b8ec9450b76a44b8c4cef2efee4b7bfc27ef"}
}
